<?xml version="1.0" encoding="UTF-8"?>
<!-- Generated by org.testng.reporters.JUnitReportReporter -->
<testsuite hostname="pavanis-Air" failures="0" tests="5" name="com.crm.qa.testcases.ContactsPageTest" time="83.590" errors="0" timestamp="02 Sep 2021 04:31:27 GMT" skipped="0">
  <testcase classname="com.crm.qa.testcases.ContactsPageTest" name="verfiyContactTest" time="13.833"/>
  <testcase classname="com.crm.qa.testcases.ContactsPageTest" name="selectContactNameTest" time="13.816"/>
  <testcase classname="com.crm.qa.testcases.ContactsPageTest" name="CreateNewContactsTest" time="18.641"/>
  <testcase classname="com.crm.qa.testcases.ContactsPageTest" name="CreateNewContactsTest" time="18.961"/>
  <testcase classname="com.crm.qa.testcases.ContactsPageTest" name="CreateNewContactsTest" time="18.339"/>
</testsuite> <!-- com.crm.qa.testcases.ContactsPageTest -->
