<?xml version="1.0" encoding="UTF-8"?>
<!-- Generated by org.testng.reporters.JUnitReportReporter -->
<testsuite hostname="pavanis-Air" failures="0" tests="1" name="com.crm.qa.testcases.HomePageTest" time="14.553" errors="0" timestamp="16 Sep 2021 19:34:45 GMT" skipped="0">
  <testcase classname="com.crm.qa.testcases.HomePageTest" name="validateHomePageTitleTest" time="14.553"/>
</testsuite> <!-- com.crm.qa.testcases.HomePageTest -->
