<?xml version="1.0" encoding="UTF-8"?>
<!-- Generated by org.testng.reporters.JUnitReportReporter -->
<testsuite hostname="pavanis-Air" failures="0" tests="2" name="com.crm.qa.testcases.DealsPageTest" time="34.306" errors="0" timestamp="02 Sep 2021 04:31:27 GMT" skipped="0">
  <testcase classname="com.crm.qa.testcases.DealsPageTest" name="verifyDealsLabelTest" time="15.535"/>
  <testcase classname="com.crm.qa.testcases.DealsPageTest" name="verifyDealIdTest" time="18.771"/>
</testsuite> <!-- com.crm.qa.testcases.DealsPageTest -->
