<?xml version="1.0" encoding="UTF-8"?>
<!-- Generated by org.testng.reporters.JUnitReportReporter -->
<testsuite hostname="pavanis-Air" failures="0" tests="5" name="com.crm.qa.testcases.ContactsPageTest" time="84.460" errors="0" timestamp="18 Sep 2021 20:06:16 GMT" skipped="0">
  <testcase classname="com.crm.qa.testcases.ContactsPageTest" name="verfiyContactTest" time="16.992"/>
  <testcase classname="com.crm.qa.testcases.ContactsPageTest" name="selectContactNameTest" time="13.753"/>
  <testcase classname="com.crm.qa.testcases.ContactsPageTest" name="CreateNewContactsTest" time="17.850"/>
  <testcase classname="com.crm.qa.testcases.ContactsPageTest" name="CreateNewContactsTest" time="17.835"/>
  <testcase classname="com.crm.qa.testcases.ContactsPageTest" name="CreateNewContactsTest" time="18.030"/>
</testsuite> <!-- com.crm.qa.testcases.ContactsPageTest -->
