<?xml version="1.0" encoding="UTF-8"?>
<!-- Generated by org.testng.reporters.JUnitReportReporter -->
<testsuite hostname="pavanis-Air" failures="0" tests="2" name="com.crm.qa.testcases.DealsPageTest" time="35.270" errors="0" timestamp="18 Sep 2021 20:06:16 GMT" skipped="0">
  <testcase classname="com.crm.qa.testcases.DealsPageTest" name="verifyDealsLabelTest" time="16.800"/>
  <testcase classname="com.crm.qa.testcases.DealsPageTest" name="verifyDealIdTest" time="18.470"/>
</testsuite> <!-- com.crm.qa.testcases.DealsPageTest -->
