<?xml version="1.0" encoding="UTF-8"?>
<!-- Generated by org.testng.reporters.JUnitReportReporter -->
<testsuite hostname="pavanis-Air" failures="0" tests="2" name="com.crm.qa.testcases.LoginPageTest" time="17.421" errors="0" timestamp="18 Sep 2021 20:06:16 GMT" skipped="0">
  <testcase classname="com.crm.qa.testcases.LoginPageTest" name="LoginPageTitleTest" time="4.369"/>
  <testcase classname="com.crm.qa.testcases.LoginPageTest" name="LoginTest" time="13.052"/>
</testsuite> <!-- com.crm.qa.testcases.LoginPageTest -->
