<?xml version="1.0" encoding="UTF-8"?>
<!-- Generated by org.testng.reporters.JUnitReportReporter -->
<testsuite hostname="pavanis-Air" failures="0" tests="3" name="com.crm.qa.testcases.HomePageTest" time="39.334" errors="0" timestamp="18 Sep 2021 20:06:16 GMT" skipped="0">
  <testcase classname="com.crm.qa.testcases.HomePageTest" name="validateHomePageTitleTest" time="12.732"/>
  <testcase classname="com.crm.qa.testcases.HomePageTest" name="VerifyusernameTest" time="12.868"/>
  <testcase classname="com.crm.qa.testcases.HomePageTest" name="ContactsLinkTest" time="13.734"/>
</testsuite> <!-- com.crm.qa.testcases.HomePageTest -->
